[19:41:17] [main/INFO] (FabricLoader/GameProvider) Loading Minecraft 1.20.1 with Fabric Loader 0.14.21
[19:41:18] [main/INFO] (FabricLoader) Loading 49 mods:
	- com_github_llamalad7_mixinextras 0.2.0-rc.3
	- fabric-api 0.83.1+1.20.1
	- fabric-api-base 0.4.29+b04edc7a82
	- fabric-api-lookup-api-v1 1.6.34+4d8536c982
	- fabric-biome-api-v1 13.0.10+b3afc78b82
	- fabric-block-api-v1 1.0.9+e022e5d182
	- fabric-blockrenderlayer-v1 1.1.39+b3afc78b82
	- fabric-client-tags-api-v1 1.0.20+b3afc78b82
	- fabric-command-api-v2 2.2.11+b3afc78b82
	- fabric-content-registries-v0 4.0.7+b3afc78b82
	- fabric-convention-tags-v1 1.5.3+b3afc78b82
	- fabric-crash-report-info-v1 0.2.18+aeb40ebe82
	- fabric-data-generation-api-v1 12.1.11+b3afc78b77
	- fabric-dimensions-v1 2.1.51+b3afc78b82
	- fabric-entity-events-v1 1.5.21+b3afc78b82
	- fabric-events-interaction-v0 0.6.0+b3afc78b82
	- fabric-game-rule-api-v1 1.0.38+b04edc7a82
	- fabric-gametest-api-v1 1.2.10+b3afc78b82
	- fabric-item-api-v1 2.1.26+b3afc78b82
	- fabric-item-group-api-v1 4.0.7+b3afc78b82
	- fabric-key-binding-api-v1 1.0.36+fb8d95da82
	- fabric-lifecycle-events-v1 2.2.20+b3afc78b82
	- fabric-loot-api-v2 1.1.37+b3afc78b82
	- fabric-message-api-v1 5.1.6+b3afc78b82
	- fabric-mining-level-api-v1 2.1.47+b3afc78b82
	- fabric-models-v0 0.3.35+b3afc78b82
	- fabric-networking-api-v1 1.3.8+b3afc78b82
	- fabric-object-builder-api-v1 11.0.6+b3afc78b82
	- fabric-particles-v1 1.0.28+b3afc78b82
	- fabric-recipe-api-v1 1.0.18+b3afc78b82
	- fabric-registry-sync-v0 2.2.6+b3afc78b82
	- fabric-renderer-api-v1 3.0.1+b3afc78b82
	- fabric-renderer-indigo 1.3.1+b3afc78b82
	- fabric-rendering-data-attachment-v1 0.3.33+b3afc78b82
	- fabric-rendering-fluids-v1 3.0.26+b3afc78b82
	- fabric-rendering-v1 3.0.6+b3afc78b82
	- fabric-resource-conditions-api-v1 2.3.5+ea08f9d877
	- fabric-resource-loader-v0 0.11.7+f7923f6d82
	- fabric-screen-api-v1 2.0.6+b3afc78b82
	- fabric-screen-handler-api-v1 1.3.27+b3afc78b82
	- fabric-sound-api-v1 1.0.12+b3afc78b82
	- fabric-transfer-api-v1 3.2.2+b3afc78b82
	- fabric-transitive-access-wideners-v1 4.2.0+b3afc78b82
	- fabricloader 0.14.21
	- forgeconfigapiport 8.0.0
	- java 17
	- minecraft 1.20.1
	- nyfsmultiloader 1.0.0
	- regutils-common 1.20.1-1.0.0
[19:41:18] [main/INFO] (FabricLoader/Mixin) SpongePowered MIXIN Subsystem Version=0.8.5 Source=file:/C:/Users/kinar/.gradle/caches/modules-2/files-2.1/net.fabricmc/sponge-mixin/0.12.5+mixin.0.8.5/8d31fb97c3e0cd7c8dad3441851c523bcfae6d8e/sponge-mixin-0.12.5+mixin.0.8.5.jar Service=Knot/Fabric Env=CLIENT
[19:41:18] [main/INFO] (FabricLoader/Mixin) Loaded Fabric development mappings for mixin remapper!
[19:41:18] [main/INFO] (FabricLoader/Mixin) Compatibility level set to JAVA_16
[19:41:18] [main/INFO] (FabricLoader/Mixin) Compatibility level set to JAVA_17
[19:41:20] [main/INFO] (FabricLoader/MixinExtras|Service) Initializing MixinExtras via com.llamalad7.mixinextras.service.MixinExtrasServiceImpl(version=0.2.0-rc.3).
[19:41:24] [Datafixer Bootstrap/INFO] (Minecraft) 188 Datafixer optimizations took 150 milliseconds
[19:41:26] [Render thread/INFO] (Minecraft) Environment: authHost='https://authserver.mojang.com', accountsHost='https://api.mojang.com', sessionHost='https://sessionserver.mojang.com', servicesHost='https://api.minecraftservices.com', name='PROD'
[19:41:27] [Render thread/ERROR] (Minecraft) Failed to verify authentication
com.mojang.authlib.exceptions.InvalidCredentialsException: Status: 401
	at com.mojang.authlib.exceptions.MinecraftClientHttpException.toAuthenticationException(MinecraftClientHttpException.java:56) ~[authlib-4.0.43.jar:?]
	at com.mojang.authlib.yggdrasil.YggdrasilUserApiService.fetchProperties(YggdrasilUserApiService.java:156) ~[authlib-4.0.43.jar:?]
	at com.mojang.authlib.yggdrasil.YggdrasilUserApiService.<init>(YggdrasilUserApiService.java:55) ~[authlib-4.0.43.jar:?]
	at com.mojang.authlib.yggdrasil.YggdrasilAuthenticationService.createUserApiService(YggdrasilAuthenticationService.java:124) ~[authlib-4.0.43.jar:?]
	at net.minecraft.client.Minecraft.createUserApiService(Minecraft.java:733) ~[minecraft-project-@Fabric-merged-named.jar:?]
	at net.minecraft.client.Minecraft.<init>(Minecraft.java:442) ~[minecraft-project-@Fabric-merged-named.jar:?]
	at net.minecraft.client.main.Main.main(Main.java:211) ~[minecraft-project-@Fabric-merged-named.jar:?]
	at net.fabricmc.loader.impl.game.minecraft.MinecraftGameProvider.launch(MinecraftGameProvider.java:468) ~[fabric-loader-0.14.21.jar:?]
	at net.fabricmc.loader.impl.launch.knot.Knot.launch(Knot.java:74) ~[fabric-loader-0.14.21.jar:?]
	at net.fabricmc.loader.impl.launch.knot.KnotClient.main(KnotClient.java:23) ~[fabric-loader-0.14.21.jar:?]
	at net.fabricmc.devlaunchinjector.Main.main(Main.java:86) ~[dev-launch-injector-0.2.1+build.8.jar:?]
Caused by: com.mojang.authlib.exceptions.MinecraftClientHttpException: Status: 401
	at com.mojang.authlib.minecraft.client.MinecraftClient.readInputStream(MinecraftClient.java:85) ~[authlib-4.0.43.jar:?]
	at com.mojang.authlib.minecraft.client.MinecraftClient.get(MinecraftClient.java:48) ~[authlib-4.0.43.jar:?]
	at com.mojang.authlib.yggdrasil.YggdrasilUserApiService.fetchProperties(YggdrasilUserApiService.java:129) ~[authlib-4.0.43.jar:?]
	... 9 more
[19:41:27] [Render thread/INFO] (Minecraft) Setting user: Player33
[19:41:27] [Render thread/INFO] (Indigo) [Indigo] Registering Indigo renderer!
[19:41:28] [Render thread/INFO] (Minecraft) Backend library: LWJGL version 3.3.1 SNAPSHOT
[19:41:29] [Render thread/INFO] (Minecraft) Reloading ResourceManager: vanilla, fabric (fabric-models-v0, fabric-api-lookup-api-v1, fabric-rendering-data-attachment-v1, fabric-crash-report-info-v1, fabricloader, fabric-game-rule-api-v1, fabric-block-api-v1, fabric-recipe-api-v1, fabric-transfer-api-v1, fabric-sound-api-v1, fabric-data-generation-api-v1, fabric-rendering-v1, fabric-particles-v1, fabric-blockrenderlayer-v1, fabric-dimensions-v1, forgeconfigapiport, fabric-api, fabric-renderer-indigo, fabric-mining-level-api-v1, fabric-content-registries-v0, fabric-loot-api-v2, fabric-rendering-fluids-v1, fabric-client-tags-api-v1, fabric-resource-conditions-api-v1, fabric-biome-api-v1, fabric-api-base, fabric-entity-events-v1, fabric-lifecycle-events-v1, fabric-gametest-api-v1, fabric-events-interaction-v0, fabric-renderer-api-v1, fabric-key-binding-api-v1, fabric-object-builder-api-v1, fabric-screen-handler-api-v1, fabric-convention-tags-v1, fabric-resource-loader-v0, fabric-command-api-v2, fabric-item-api-v1, fabric-screen-api-v1, fabric-item-group-api-v1, fabric-transitive-access-wideners-v1, fabric-registry-sync-v0, fabric-networking-api-v1, fabric-message-api-v1)
[19:41:29] [Worker-Main-4/INFO] (Minecraft) Found unifont_all_no_pua-15.0.06.hex, loading
[19:41:31] [Render thread/WARN] (Minecraft) Missing sound for event: minecraft:item.goat_horn.play
[19:41:31] [Render thread/WARN] (Minecraft) Missing sound for event: minecraft:entity.goat.screaming.horn_break
[19:41:31] [Render thread/INFO] (Minecraft) OpenAL initialized on device OpenAL Soft on Speakers (Razer Leviathan V2 X)
[19:41:31] [Render thread/INFO] (Minecraft) Sound engine started
[19:41:31] [Render thread/INFO] (Minecraft) Created: 1024x512x4 minecraft:textures/atlas/blocks.png-atlas
[19:41:31] [Render thread/INFO] (Minecraft) Created: 256x256x4 minecraft:textures/atlas/signs.png-atlas
[19:41:31] [Render thread/INFO] (Minecraft) Created: 512x512x4 minecraft:textures/atlas/shield_patterns.png-atlas
[19:41:31] [Render thread/INFO] (Minecraft) Created: 512x512x4 minecraft:textures/atlas/banner_patterns.png-atlas
[19:41:31] [Render thread/INFO] (Minecraft) Created: 1024x1024x4 minecraft:textures/atlas/armor_trims.png-atlas
[19:41:31] [Render thread/INFO] (Minecraft) Created: 128x64x4 minecraft:textures/atlas/decorated_pot.png-atlas
[19:41:31] [Render thread/INFO] (Minecraft) Created: 256x256x4 minecraft:textures/atlas/chest.png-atlas
[19:41:31] [Render thread/INFO] (Minecraft) Created: 512x256x4 minecraft:textures/atlas/shulker_boxes.png-atlas
[19:41:31] [Render thread/INFO] (Minecraft) Created: 512x256x4 minecraft:textures/atlas/beds.png-atlas
[19:41:31] [Render thread/WARN] (Minecraft) Shader rendertype_entity_translucent_emissive could not find sampler named Sampler2 in the specified shader program.
[19:41:31] [Render thread/INFO] (Minecraft) Created: 256x256x0 minecraft:textures/atlas/particles.png-atlas
[19:41:31] [Render thread/INFO] (Minecraft) Created: 256x256x0 minecraft:textures/atlas/paintings.png-atlas
[19:41:31] [Render thread/INFO] (Minecraft) Created: 128x128x0 minecraft:textures/atlas/mob_effects.png-atlas
[19:41:44] [Render thread/INFO] (Multi Loader Template) This line is printed by an example mod mixin from Fabric!
[19:41:44] [Render thread/INFO] (Multi Loader Template) MC Version: Fabric
[19:41:44] [Render thread/INFO] (Multi Loader Template) Classloader: net.fabricmc.loader.impl.launch.knot.KnotClassLoader@222114ba
[19:41:45] [Realms Notification Availability checker #1/INFO] (Minecraft) Could not authorize you against Realms server: Invalid session id
[19:41:46] [Render thread/INFO] (Minecraft) Stopping!
